[1715685419.103][INFO]: Starting ChromeDriver 124.0.6367.207 (a9001a6e39fbaa559510ca866052950457dd4e6b-refs/branch-heads/6367_201@{#3}) on port 19903
[1715685419.103][INFO]: Please see https://chromedriver.chromium.org/security-considerations for suggestions on keeping ChromeDriver safe.
[1715685419.811][INFO]: [6b6a22fb8689ec2c332dd625914cea48] COMMAND InitSession {
   "capabilities": {
      "firstMatch": [ {
         "browserName": "chrome",
         "goog:chromeOptions": {
            "args": [  ],
            "extensions": [  ]
         },
         "goog:loggingPrefs": {
            "browser": "ALL",
            "driver": "ALL"
         }
      } ]
   }
}
[1715685419.811][INFO]: Browser search. Trying... C:\Users\GOWRI\.cache\selenium\chromedriver\win64\124.0.6367.207\chrome.exe
[1715685419.811][INFO]: Browser search. Trying... C:\Users\GOWRI\.cache\selenium\chromedriver\win64\124.0.6367.207\chrome.exe
[1715685419.811][INFO]: Browser search. Trying... C:\Users\GOWRI\.cache\selenium\chromedriver\win64\124.0.6367.207\chromium.exe
[1715685419.814][INFO]: Browser search. Trying... C:\Users\GOWRI\AppData\Local\Google\Chrome\Application\chrome.exe
[1715685419.814][INFO]: Browser search. Trying... C:\Program Files\Google\Chrome\Application\chrome.exe
[1715685419.814][INFO]: Browser search. Found at  C:\Program Files\Google\Chrome\Application\chrome.exe
[1715685419.816][INFO]: Populating Preferences file: {
   "alternate_error_pages": {
      "enabled": false
   },
   "autofill": {
      "enabled": false
   },
   "browser": {
      "check_default_browser": false
   },
   "distribution": {
      "import_bookmarks": false,
      "import_history": false,
      "import_search_engine": false,
      "make_chrome_default_for_user": false,
      "skip_first_run_ui": true
   },
   "dns_prefetching": {
      "enabled": false
   },
   "profile": {
      "content_settings": {
         "pattern_pairs": {
            "https://*,*": {
               "media-stream": {
                  "audio": "Default",
                  "video": "Default"
               }
            }
         }
      },
      "default_content_setting_values": {
         "geolocation": 1
      },
      "default_content_settings": {
         "geolocation": 1,
         "mouselock": 1,
         "notifications": 1,
         "popups": 1,
         "ppapi-broker": 1
      },
      "password_manager_enabled": false
   },
   "safebrowsing": {
      "enabled": false
   },
   "search": {
      "suggest_enabled": false
   },
   "translate": {
      "enabled": false
   }
}
[1715685419.816][INFO]: Populating Local State file: {
   "background_mode": {
      "enabled": false
   },
   "ssl": {
      "rev_checking": {
         "enabled": false
      }
   }
}
[1715685419.818][INFO]: ChromeDriver supports communication with Chrome via pipes. This is more reliable and more secure.
[1715685419.818][INFO]: Use the --remote-debugging-pipe Chrome switch instead of the default --remote-debugging-port to enable this communication mode.
[1715685419.819][INFO]: Launching chrome: "C:\Program Files\Google\Chrome\Application\chrome.exe" --allow-pre-commit-input --disable-background-networking --disable-backgrounding-occluded-windows --disable-client-side-phishing-detection --disable-default-apps --disable-hang-monitor --disable-popup-blocking --disable-prompt-on-repost --disable-sync --enable-automation --enable-logging --log-level=0 --no-first-run --no-service-autorun --password-store=basic --remote-debugging-port=0 --test-type=webdriver --use-mock-keychain --user-data-dir="C:\Users\GOWRI\AppData\Local\Temp\scoped_dir9140_835727211" data:,
[1715685420.469][INFO]: resolved localhost to ["::1","127.0.0.1"]
[1715685420.608][INFO]: [6b6a22fb8689ec2c332dd625914cea48] RESPONSE InitSession {
   "capabilities": {
      "acceptInsecureCerts": false,
      "browserName": "chrome",
      "browserVersion": "124.0.6367.201",
      "chrome": {
         "chromedriverVersion": "124.0.6367.207 (a9001a6e39fbaa559510ca866052950457dd4e6b-refs/branch-heads/6367_201@{#3})",
         "userDataDir": "C:\\Users\\GOWRI\\AppData\\Local\\Temp\\scoped_dir9140_835727211"
      },
      "fedcm:accounts": true,
      "goog:chromeOptions": {
         "debuggerAddress": "localhost:54479"
      },
      "networkConnectionEnabled": false,
      "pageLoadStrategy": "normal",
      "platformName": "windows",
      "proxy": {
      },
      "setWindowRect": true,
      "strictFileInteractability": false,
      "timeouts": {
         "implicit": 0,
         "pageLoad": 300000,
         "script": 30000
      },
      "unhandledPromptBehavior": "dismiss and notify",
      "webauthn:extension:credBlob": true,
      "webauthn:extension:largeBlob": true,
      "webauthn:extension:minPinLength": true,
      "webauthn:extension:prf": true,
      "webauthn:virtualAuthenticators": true
   },
   "sessionId": "6b6a22fb8689ec2c332dd625914cea48"
}
[1715685421.081][INFO]: [6b6a22fb8689ec2c332dd625914cea48] COMMAND MaximizeWindow {
}
[1715685421.081][INFO]: Waiting for pending navigations...
[1715685421.082][INFO]: Done waiting for pending navigations. Status: ok
[1715685421.183][INFO]: Waiting for pending navigations...
[1715685421.202][INFO]: Done waiting for pending navigations. Status: ok
[1715685421.202][INFO]: [6b6a22fb8689ec2c332dd625914cea48] RESPONSE MaximizeWindow {
   "height": 886,
   "width": 1616,
   "x": -8,
   "y": -8
}
[1715685421.209][INFO]: [6b6a22fb8689ec2c332dd625914cea48] COMMAND SetTimeouts {
   "implicit": 30000
}
[1715685421.209][INFO]: [6b6a22fb8689ec2c332dd625914cea48] RESPONSE SetTimeouts
[1715685421.217][INFO]: [6b6a22fb8689ec2c332dd625914cea48] COMMAND Navigate {
   "url": "https://leetcode.com/"
}
[1715685421.217][INFO]: Waiting for pending navigations...
[1715685421.219][INFO]: Done waiting for pending navigations. Status: ok
[1715685421.621][INFO]: Waiting for pending navigations...
[1715685425.743][INFO]: Done waiting for pending navigations. Status: ok
[1715685425.743][INFO]: [6b6a22fb8689ec2c332dd625914cea48] RESPONSE Navigate
[1715685425.747][INFO]: [6b6a22fb8689ec2c332dd625914cea48] COMMAND GetUrl {
}
[1715685425.747][INFO]: Waiting for pending navigations...
[1715685425.748][INFO]: Done waiting for pending navigations. Status: ok
[1715685425.750][INFO]: Waiting for pending navigations...
[1715685425.751][INFO]: Done waiting for pending navigations. Status: ok
[1715685425.751][INFO]: [6b6a22fb8689ec2c332dd625914cea48] RESPONSE GetUrl "https://leetcode.com/"
[1715685425.758][INFO]: [6b6a22fb8689ec2c332dd625914cea48] COMMAND FindElement {
   "using": "xpath",
   "value": "//p[text()='View Questions ']"
}
[1715685425.758][INFO]: Waiting for pending navigations...
[1715685425.759][INFO]: Done waiting for pending navigations. Status: ok
[1715685425.768][INFO]: Waiting for pending navigations...
[1715685425.769][INFO]: Done waiting for pending navigations. Status: ok
[1715685425.769][INFO]: [6b6a22fb8689ec2c332dd625914cea48] RESPONSE FindElement {
   "element-6066-11e4-a52e-4f735466cecf": "f.AAA228C875A8FF152C2A4F5FAEED944F.d.C76692ECFAA584276EFD45E715A792D2.e.18"
}
[1715685425.775][INFO]: [6b6a22fb8689ec2c332dd625914cea48] COMMAND ClickElement {
   "id": "f.AAA228C875A8FF152C2A4F5FAEED944F.d.C76692ECFAA584276EFD45E715A792D2.e.18"
}
[1715685425.775][INFO]: Waiting for pending navigations...
[1715685425.775][INFO]: Done waiting for pending navigations. Status: ok
[1715685425.903][INFO]: Waiting for pending navigations...
[1715685428.188][INFO]: Done waiting for pending navigations. Status: ok
[1715685428.188][INFO]: [6b6a22fb8689ec2c332dd625914cea48] RESPONSE ClickElement
[1715685428.193][INFO]: [6b6a22fb8689ec2c332dd625914cea48] COMMAND GetUrl {
}
[1715685428.193][INFO]: Waiting for pending navigations...
[1715685428.268][INFO]: Done waiting for pending navigations. Status: ok
[1715685428.809][INFO]: Waiting for pending navigations...
[1715685428.872][INFO]: Done waiting for pending navigations. Status: ok
[1715685428.872][INFO]: [6b6a22fb8689ec2c332dd625914cea48] RESPONSE GetUrl "https://leetcode.com/problemset/"
[1715685428.886][INFO]: [6b6a22fb8689ec2c332dd625914cea48] COMMAND FindElements {
   "using": "xpath",
   "value": "//a[@class = 'h-5 hover:text-blue-s dark:hover:text-dark-blue-s']"
}
[1715685428.886][INFO]: Waiting for pending navigations...
[1715685429.074][INFO]: Done waiting for pending navigations. Status: ok
[1715685429.185][INFO]: Waiting for pending navigations...
[1715685429.186][INFO]: Done waiting for pending navigations. Status: ok
[1715685429.186][INFO]: [6b6a22fb8689ec2c332dd625914cea48] RESPONSE FindElements [ {
   "element-6066-11e4-a52e-4f735466cecf": "f.AAA228C875A8FF152C2A4F5FAEED944F.d.23C2911071BDCBE6FA1C5B4006855B4E.e.43"
}, {
   "element-6066-11e4-a52e-4f735466cecf": "f.AAA228C875A8FF152C2A4F5FAEED944F.d.23C2911071BDCBE6FA1C5B4006855B4E.e.44"
}, {
   "element-6066-11e4-a52e-4f735466cecf": "f.AAA228C875A8FF152C2A4F5FAEED944F.d.23C2911071BDCBE6FA1C5B4006855B4E.e.45"
}, {
   "element-6066-11e4-a52e-4f735466cecf": "f.AAA228C875A8FF152C2A4F5FAEED944F.d.23C2911071BDCBE6FA1C5B4006855B4E.e.46"
}, {
   "element-6066-11e4-a52e-4f735466cecf": "f.AAA228C875A8FF152C2A4F5FAEED944F.d.23C2911071BDCBE6FA1C5B4006855B4E.e.47"
}, {
   "element-6066-11e4-a52e-4f735466cecf": "f.AAA228C875A8FF152C2A4F5FAEED944F.d.23C2911071BDCBE6FA1C5B4006855B4E.e.48"
}, {
   "element-6066-11e4-a52e-4f735466cecf": "f.AAA228C875A8FF152C2A4F5FAEED944F.d.23C2911071BDCBE6FA1C5B4006855B4E.e.49"
}, {
   "element-6066-11e4-a52e-4f735466cecf": "f.AAA228C875A8FF152C2A4F5FAEED944F.d.23C2911071BDCBE6FA1C5B4006855B4E.e.50"
}, {
   "element-6066-11e4-a52e-4f735466cecf": "f.AAA228C875A8FF152C2A4F5FAEED944F.d.23C2911071BDCBE6FA1C5B4006855B4E.e.51"
}, {
   "element-6066-11e4-a52e-4f735466cecf": "f.AAA228C875A8FF152C2A4F5FAEED944F.d.23C2911071BDCBE6FA1C5B4006855B4E.e.52"
}, {
   "element-6066-11e4-a52e-4f735466cecf": "f.AAA228C875A8FF152C2A4F5FAEED944F.d.23C2911071BDCBE6FA1C5B4006855B4E.e.53"
}, {
   "element-6066-11e4-a52e-4f735466cecf": "f.AAA228C875A8FF152C2A4F5FAEED944F.d.23C2911071BDCBE6FA1C5B4006855B4E.e.54"
}, {
   "element-6066-11e4-a52e-4f735466cecf": "f.AAA228C875A8FF152C2A4F5FAEED944F.d.23C2911071BDCBE6FA1C5B4006855B4E.e.55"
}, {
   "element-6066-11e4-a52e-4f735466cecf": "f.AAA228C875A8FF152C2A4F5FAEED944F.d.23C2911071BDCBE6FA1C5B4006855B4E.e.56"
}, {
   "element-6066-11e4-a52e-4f735466cecf": "f.AAA228C875A8FF152C2A4F5FAEED944F.d.23C2911071BDCBE6FA1C5B4006855B4E.e.57"
}, {
   "element-6066-11e4-a52e-4f735466cecf": "f.AAA228C875A8FF152C2A4F5FAEED944F.d.23C2911071BDCBE6FA1C5B4006855B4E.e.58"
}, {
   "element-6066-11e4-a52e-4f735466cecf": "f.AAA228C875A8FF152C2A4F5FAEED944F.d.23C2911071BDCBE6FA1C5B4006855B4E.e.59"
}, {
   "element-6066-11e4-a52e-4f735466cecf": "f.AAA228C875A8FF152C2A4F5FAEED944F.d.23C2911071BDCBE6FA1C5B4006855B4E.e.60"
}, {
   "element-6066-11e4-a52e-4f735466cecf": "f.AAA228C875A8FF152C2A4F5FAEED944F.d.23C2911071BDCBE6FA1C5B4006855B4E.e.61"
}, "..." ]
[1715685434.197][INFO]: [6b6a22fb8689ec2c332dd625914cea48] COMMAND GetElementText {
   "id": "f.AAA228C875A8FF152C2A4F5FAEED944F.d.23C2911071BDCBE6FA1C5B4006855B4E.e.44"
}
[1715685434.197][INFO]: Waiting for pending navigations...
[1715685434.197][INFO]: Done waiting for pending navigations. Status: ok
[1715685434.210][INFO]: Waiting for pending navigations...
[1715685434.210][INFO]: Done waiting for pending navigations. Status: ok
[1715685434.210][INFO]: [6b6a22fb8689ec2c332dd625914cea48] RESPONSE GetElementText "1. Two Sum"
[1715685434.214][INFO]: [6b6a22fb8689ec2c332dd625914cea48] COMMAND GetElementText {
   "id": "f.AAA228C875A8FF152C2A4F5FAEED944F.d.23C2911071BDCBE6FA1C5B4006855B4E.e.45"
}
[1715685434.214][INFO]: Waiting for pending navigations...
[1715685434.214][INFO]: Done waiting for pending navigations. Status: ok
[1715685434.221][INFO]: Waiting for pending navigations...
[1715685434.221][INFO]: Done waiting for pending navigations. Status: ok
[1715685434.221][INFO]: [6b6a22fb8689ec2c332dd625914cea48] RESPONSE GetElementText "2. Add Two Numbers"
[1715685434.224][INFO]: [6b6a22fb8689ec2c332dd625914cea48] COMMAND GetElementText {
   "id": "f.AAA228C875A8FF152C2A4F5FAEED944F.d.23C2911071BDCBE6FA1C5B4006855B4E.e.46"
}
[1715685434.224][INFO]: Waiting for pending navigations...
[1715685434.225][INFO]: Done waiting for pending navigations. Status: ok
[1715685434.231][INFO]: Waiting for pending navigations...
[1715685434.232][INFO]: Done waiting for pending navigations. Status: ok
[1715685434.232][INFO]: [6b6a22fb8689ec2c332dd625914cea48] RESPONSE GetElementText "3. Longest Substring Without Repeating Characters"
[1715685434.238][INFO]: [6b6a22fb8689ec2c332dd625914cea48] COMMAND GetElementText {
   "id": "f.AAA228C875A8FF152C2A4F5FAEED944F.d.23C2911071BDCBE6FA1C5B4006855B4E.e.47"
}
[1715685434.238][INFO]: Waiting for pending navigations...
[1715685434.240][INFO]: Done waiting for pending navigations. Status: ok
[1715685434.246][INFO]: Waiting for pending navigations...
[1715685434.246][INFO]: Done waiting for pending navigations. Status: ok
[1715685434.246][INFO]: [6b6a22fb8689ec2c332dd625914cea48] RESPONSE GetElementText "4. Median of Two Sorted Arrays"
[1715685434.253][INFO]: [6b6a22fb8689ec2c332dd625914cea48] COMMAND GetElementText {
   "id": "f.AAA228C875A8FF152C2A4F5FAEED944F.d.23C2911071BDCBE6FA1C5B4006855B4E.e.48"
}
[1715685434.253][INFO]: Waiting for pending navigations...
[1715685434.254][INFO]: Done waiting for pending navigations. Status: ok
[1715685434.262][INFO]: Waiting for pending navigations...
[1715685434.263][INFO]: Done waiting for pending navigations. Status: ok
[1715685434.263][INFO]: [6b6a22fb8689ec2c332dd625914cea48] RESPONSE GetElementText "5. Longest Palindromic Substring"
[1715685434.267][INFO]: [6b6a22fb8689ec2c332dd625914cea48] COMMAND FindElement {
   "using": "xpath",
   "value": "(//a[@class ='h-5 hover:text-blue-s dark:hover:text-dark-blue-s'])[2]"
}
[1715685434.267][INFO]: Waiting for pending navigations...
[1715685434.267][INFO]: Done waiting for pending navigations. Status: ok
[1715685434.278][INFO]: Waiting for pending navigations...
[1715685434.278][INFO]: Done waiting for pending navigations. Status: ok
[1715685434.278][INFO]: [6b6a22fb8689ec2c332dd625914cea48] RESPONSE FindElement {
   "element-6066-11e4-a52e-4f735466cecf": "f.AAA228C875A8FF152C2A4F5FAEED944F.d.23C2911071BDCBE6FA1C5B4006855B4E.e.44"
}
[1715685434.286][INFO]: [6b6a22fb8689ec2c332dd625914cea48] COMMAND ClickElement {
   "id": "f.AAA228C875A8FF152C2A4F5FAEED944F.d.23C2911071BDCBE6FA1C5B4006855B4E.e.44"
}
[1715685434.286][INFO]: Waiting for pending navigations...
[1715685434.287][INFO]: Done waiting for pending navigations. Status: ok
[1715685434.399][INFO]: Waiting for pending navigations...
[1715685436.287][INFO]: Done waiting for pending navigations. Status: ok
[1715685436.287][INFO]: [6b6a22fb8689ec2c332dd625914cea48] RESPONSE ClickElement
[1715685441.291][INFO]: [6b6a22fb8689ec2c332dd625914cea48] COMMAND GetUrl {
}
[1715685441.291][INFO]: Waiting for pending navigations...
[1715685441.294][INFO]: Done waiting for pending navigations. Status: ok
[1715685441.296][INFO]: Waiting for pending navigations...
[1715685441.297][INFO]: Done waiting for pending navigations. Status: ok
[1715685441.297][INFO]: [6b6a22fb8689ec2c332dd625914cea48] RESPONSE GetUrl "https://leetcode.com/problems/two-sum/description/"
[1715685441.299][INFO]: [6b6a22fb8689ec2c332dd625914cea48] COMMAND FindElement {
   "using": "xpath",
   "value": "//div[@class='normal absolute left-0 top-0 whitespace-nowrap font-normal' and text()='Submissions']"
}
[1715685441.299][INFO]: Waiting for pending navigations...
[1715685441.300][INFO]: Done waiting for pending navigations. Status: ok
[1715685441.309][INFO]: Waiting for pending navigations...
[1715685441.310][INFO]: Done waiting for pending navigations. Status: ok
[1715685441.310][INFO]: [6b6a22fb8689ec2c332dd625914cea48] RESPONSE FindElement {
   "element-6066-11e4-a52e-4f735466cecf": "f.AAA228C875A8FF152C2A4F5FAEED944F.d.AEBB97DA7F0AF5DC61D0094814E1E04B.e.140"
}
[1715685441.312][INFO]: [6b6a22fb8689ec2c332dd625914cea48] COMMAND ClickElement {
   "id": "f.AAA228C875A8FF152C2A4F5FAEED944F.d.AEBB97DA7F0AF5DC61D0094814E1E04B.e.140"
}
[1715685441.313][INFO]: Waiting for pending navigations...
[1715685441.313][INFO]: Done waiting for pending navigations. Status: ok
[1715685441.370][INFO]: Waiting for pending navigations...
[1715685441.402][INFO]: Done waiting for pending navigations. Status: ok
[1715685441.402][INFO]: [6b6a22fb8689ec2c332dd625914cea48] RESPONSE ClickElement
[1715685446.406][INFO]: [6b6a22fb8689ec2c332dd625914cea48] COMMAND FindElement {
   "using": "xpath",
   "value": "//a[contains(text(),'Register or Sign In')]"
}
[1715685446.406][INFO]: Waiting for pending navigations...
[1715685446.407][INFO]: Done waiting for pending navigations. Status: ok
[1715685446.417][INFO]: Waiting for pending navigations...
[1715685446.418][INFO]: Done waiting for pending navigations. Status: ok
[1715685446.418][INFO]: [6b6a22fb8689ec2c332dd625914cea48] RESPONSE FindElement {
   "element-6066-11e4-a52e-4f735466cecf": "f.AAA228C875A8FF152C2A4F5FAEED944F.d.AEBB97DA7F0AF5DC61D0094814E1E04B.e.141"
}
[1715685446.420][INFO]: [6b6a22fb8689ec2c332dd625914cea48] COMMAND GetElementText {
   "id": "f.AAA228C875A8FF152C2A4F5FAEED944F.d.AEBB97DA7F0AF5DC61D0094814E1E04B.e.141"
}
[1715685446.420][INFO]: Waiting for pending navigations...
[1715685446.421][INFO]: Done waiting for pending navigations. Status: ok
[1715685446.427][INFO]: Waiting for pending navigations...
[1715685446.427][INFO]: Done waiting for pending navigations. Status: ok
[1715685446.427][INFO]: [6b6a22fb8689ec2c332dd625914cea48] RESPONSE GetElementText "Register or Sign In"
[1715685446.431][INFO]: [6b6a22fb8689ec2c332dd625914cea48] COMMAND CloseWindow {
}
[1715685446.482][INFO]: [6b6a22fb8689ec2c332dd625914cea48] RESPONSE CloseWindow [ "E1CEA2DA5CF0341F537FD7CE036F25DC" ]
[1715685446.493][INFO]: [6b6a22fb8689ec2c332dd625914cea48] COMMAND Quit {
}
[1715685446.566][INFO]: [6b6a22fb8689ec2c332dd625914cea48] RESPONSE Quit
